2021-05-25 17:41:21 - INFO - Token from TTAS (apply from TVM) is invalid.
2021-05-25 19:37:34 - INFO - Token from TTAS (apply from TVM) is invalid.
2021-05-25 19:46:15 - INFO - Token from TTAS (apply from TVM) hss expired.
2021-05-25 19:54:06 - INFO - Token from TTAS (apply from TVM) hss expired.
2021-05-25 19:54:53 - INFO - Token from TTAS (apply from TVM) hss expired.
2021-06-07 23:16:14 - INFO - Token from TTAS (apply from TVM) is invalid.
2021-06-07 23:16:19 - CRITICAL - The usage frequency of the Token from SCADA Server is too high, maybe it is a DoS attack.
2021-06-07 23:19:47 - INFO - Token from TTAS (apply from TVM) is invalid.
2021-06-07 23:19:52 - CRITICAL - The usage frequency of the Token from SCADA Server is too high, maybe it is a DoS attack.
2021-06-07 23:19:57 - CRITICAL - The usage frequency of the Token from SCADA Server is too high, maybe it is a DoS attack.
2021-06-07 23:20:02 - CRITICAL - The usage frequency of the Token from SCADA Server is too high, maybe it is a DoS attack.
2021-06-07 23:20:08 - CRITICAL - The usage frequency of the Token from SCADA Server is too high, maybe it is a DoS attack.
2021-06-07 23:20:13 - CRITICAL - The usage frequency of the Token from SCADA Server is too high, maybe it is a DoS attack.
2021-06-07 23:48:12 - INFO - Token from TTAS (apply from TVM) is invalid.
2021-06-07 23:50:46 - INFO - Token from TTAS (apply from TVM) is invalid.
2021-06-07 23:51:48 - INFO - Token from TTAS (apply from TVM) is invalid.
2021-06-07 23:52:35 - INFO - Token from TTAS (apply from TVM) is invalid.
2021-06-07 23:53:33 - INFO - Token from TTAS (apply from TVM) is invalid.
2021-06-07 23:54:26 - INFO - Token from TTAS (apply from TVM) is invalid.
2021-06-07 23:54:31 - CRITICAL - The usage frequency of the Token from SCADA Server is too high, maybe it is a DoS attack.
2021-06-07 23:54:39 - CRITICAL - The usage frequency of the Token from SCADA Server is too high, maybe it is a DoS attack.
2021-06-07 23:54:46 - CRITICAL - The usage frequency of the Token from SCADA Server is too high, maybe it is a DoS attack.
2021-06-07 23:55:52 - INFO - Token from TTAS (apply from TVM) is invalid.
2021-06-07 23:55:57 - CRITICAL - The usage frequency of the Token from SCADA Server is too high, maybe it is a DoS attack.
2021-06-07 23:56:05 - CRITICAL - The usage frequency of the Token from SCADA Server is too high, maybe it is a DoS attack.
2021-06-07 23:57:52 - INFO - Token from TTAS (apply from TVM) is invalid.
2021-06-07 23:59:13 - INFO - Token from TTAS (apply from TVM) is invalid.
2021-06-07 23:59:35 - INFO - Token from TTAS (apply from TVM) is invalid.
2021-06-07 23:59:40 - CRITICAL - The usage frequency of the Token from SCADA Server is too high, maybe it is a DoS attack.
2021-06-08 00:01:09 - INFO - Token from TTAS (apply from TVM) hss expired.
2021-06-08 00:01:14 - CRITICAL - The usage frequency of the Token from SCADA Server is too high, maybe it is a DoS attack.
2021-06-08 01:08:32 - INFO - Token from TTAS (apply from TVM) is invalid.
2021-06-08 01:08:37 - CRITICAL - The usage frequency of the Token from SCADA Server is too high, maybe it is a DoS attack.
2021-06-08 16:09:34 - INFO - Token from TTAS (apply from TVM) is invalid.
2021-06-08 16:09:39 - CRITICAL - The usage frequency of the Token from SCADA Server is too high, maybe it is a DoS attack.
2021-06-08 16:11:11 - INFO - Token from TTAS (apply from TVM) is invalid.
2021-06-08 16:11:16 - CRITICAL - The usage frequency of the Token from SCADA Server is too high, maybe it is a DoS attack.
2021-06-08 16:13:58 - INFO - Token from TTAS (apply from TVM) is invalid.
2021-06-08 16:14:03 - CRITICAL - The usage frequency of the Token from SCADA Server is too high, maybe it is a DoS attack.
2021-06-08 16:19:13 - INFO - Token from TTAS (apply from TVM) is invalid.
2021-06-08 16:19:18 - CRITICAL - The usage frequency of the Token from SCADA Server is too high, maybe it is a DoS attack.
2021-06-08 16:19:19 - INFO - the connection is closed.
2021-06-08 16:19:48 - INFO - the connection is closed.
2021-06-08 16:25:53 - INFO - Token from TTAS (apply from TVM) is invalid.
2021-06-08 16:25:53 - INFO - The connection has something wrong.
2021-06-08 16:26:23 - INFO - Token from TTAS (apply from TVM) is invalid.
2021-06-08 16:26:23 - INFO - The connection has something wrong.
2021-06-08 16:26:45 - INFO - Token from TTAS (apply from TVM) is invalid.
2021-06-08 16:26:46 - INFO - The connection has something wrong.
2021-06-08 16:27:41 - INFO - Token from TTAS (apply from TVM) is invalid.
2021-06-08 16:27:46 - CRITICAL - The usage frequency of the Token from SCADA Server is too high, maybe it is a DoS attack.
2021-06-08 16:27:59 - INFO - The connection has something wrong.
2021-06-08 16:33:25 - INFO - Token from TTAS (apply from TVM) is invalid.
2021-06-08 16:33:30 - CRITICAL - The usage frequency of the Token from SCADA Server is too high, maybe it is a DoS attack.
2021-06-08 16:35:21 - INFO - Token from TTAS (apply from TVM) is invalid.
2021-06-08 16:35:26 - CRITICAL - The usage frequency of the Token from SCADA Server is too high, maybe it is a DoS attack.
2021-06-08 16:38:22 - INFO - Token from TTAS (apply from TVM) is invalid.
2021-06-08 16:38:27 - CRITICAL - The usage frequency of the Token from SCADA Server is too high, maybe it is a DoS attack.
2021-06-08 16:38:35 - INFO - The connection has something wrong.
2021-06-08 16:40:57 - INFO - Token from TTAS (apply from TVM) is invalid.
2021-06-08 16:41:02 - CRITICAL - The usage frequency of the Token from SCADA Server is too high, maybe it is a DoS attack.
2021-06-08 16:45:20 - INFO - Token from TTAS (apply from TVM) is invalid.
2021-06-08 16:49:01 - INFO - Token from TTAS (apply from TVM) is invalid.
2021-06-08 16:49:17 - INFO - The connection has something wrong.
2021-06-08 16:50:31 - INFO - Token from TTAS (apply from TVM) is invalid.
2021-06-08 16:50:36 - CRITICAL - The usage frequency of the Token from SCADA Server is too high, maybe it is a DoS attack.
2021-06-08 16:56:09 - INFO - Token from TTAS (apply from TVM) is invalid.
2021-06-08 16:56:14 - CRITICAL - The usage frequency of the Token from SCADA Server is too high, maybe it is a DoS attack.
2021-06-08 16:57:41 - INFO - Token from TTAS (apply from TVM) is invalid.
2021-06-08 16:57:46 - CRITICAL - The usage frequency of the Token from SCADA Server is too high, maybe it is a DoS attack.
2021-06-08 16:59:22 - INFO - Token from TTAS (apply from TVM) is invalid.
2021-06-08 16:59:26 - CRITICAL - The usage frequency of the Token from SCADA Server is too high, maybe it is a DoS attack.
2021-06-08 17:05:02 - INFO - The connection has something wrong.
2021-06-08 17:05:56 - INFO - Token from TTAS (apply from TVM) is invalid.
2021-06-08 17:06:01 - CRITICAL - The usage frequency of the Token from SCADA Server is too high, maybe it is a DoS attack.
2021-06-08 17:06:31 - INFO - Token from TTAS (apply from TVM) hss expired.
2021-06-08 17:06:36 - CRITICAL - The usage frequency of the Token from SCADA Server is too high, maybe it is a DoS attack.
2021-06-08 17:09:08 - INFO - Token from TTAS (apply from TVM) is invalid.
2021-06-08 17:09:13 - CRITICAL - The usage frequency of the Token from SCADA Server is too high, maybe it is a DoS attack.
2021-06-08 17:12:47 - INFO - Token from TTAS (apply from TVM) is invalid.
2021-06-08 17:12:52 - CRITICAL - The usage frequency of the Token from SCADA Server is too high, maybe it is a DoS attack.
2021-06-08 17:12:59 - INFO - The connection has something wrong.
2021-06-08 17:14:10 - INFO - Token from TTAS (apply from TVM) hss expired.
2021-06-08 17:14:15 - CRITICAL - The usage frequency of the Token from SCADA Server is too high, maybe it is a DoS attack.
2021-06-08 17:14:25 - INFO - The connection has something wrong.
2021-06-08 17:15:10 - INFO - Token from TTAS (apply from TVM) hss expired.
2021-06-08 17:15:15 - CRITICAL - The usage frequency of the Token from SCADA Server is too high, maybe it is a DoS attack.
2021-06-08 17:15:24 - INFO - The connection has something wrong.
2021-06-14 18:15:34 - INFO - Token from TTAS (apply from TVM) hss expired.
2021-06-14 18:15:39 - CRITICAL - The usage frequency of the Token from SCADA Server is too high, maybe it is a DoS attack.
2021-06-14 18:17:56 - INFO - Token from TTAS (apply from TVM) hss expired.
2021-06-14 18:18:01 - CRITICAL - The usage frequency of the Token from SCADA Server is too high, maybe it is a DoS attack.
2021-06-14 18:19:09 - INFO - Token from TTAS (apply from TVM) hss expired.
2021-06-14 18:19:14 - CRITICAL - The usage frequency of the Token from SCADA Server is too high, maybe it is a DoS attack.
2021-06-14 18:23:15 - INFO - Token from TTAS (apply from TVM) hss expired.
2021-06-14 18:23:57 - INFO - Token from TTAS (apply from TVM) hss expired.
2021-06-14 18:24:52 - INFO - Token from TTAS (apply from TVM) hss expired.
2021-06-14 18:27:04 - INFO - Connect TTAS error.
2021-06-14 18:27:04 - INFO - Connect TTAS error.
2021-06-14 18:27:04 - INFO - Connect TTAS error.
2021-06-14 18:27:04 - INFO - Connect TTAS error.
2021-06-14 18:27:04 - INFO - Connect TTAS error.
2021-06-14 18:27:04 - INFO - Connect TTAS error.
2021-06-14 18:27:05 - INFO - Connect TTAS error.
2021-06-14 18:27:05 - INFO - Connect TTAS error.
2021-06-14 18:27:05 - INFO - Connect TTAS error.
2021-06-14 18:27:05 - INFO - Connect TTAS error.
2021-06-14 18:27:05 - INFO - Connect TTAS error.
2021-06-14 18:27:05 - INFO - Connect TTAS error.
2021-06-14 18:27:05 - INFO - Connect TTAS error.
2021-06-14 18:27:59 - INFO - Token from TTAS (apply from TVM) hss expired.
2021-06-14 18:29:23 - INFO - Token from TTAS (apply from TVM) hss expired.
2021-06-14 18:30:49 - INFO - Token from TTAS (apply from TVM) is invalid.
2021-06-14 18:38:34 - INFO - Token from TTAS (apply from TVM) hss expired.
2021-06-14 18:39:37 - INFO - Token from TTAS (apply from TVM) hss expired.
2021-06-14 19:01:53 - INFO - Token from TTAS (apply from TVM) hss expired.
2021-06-14 19:03:24 - INFO - Token from TTAS (apply from TVM) hss expired.
2021-06-14 19:03:54 - INFO - Token from TTAS (apply from TVM) hss expired.
2021-06-14 19:04:57 - INFO - Token from TTAS (apply from TVM) hss expired.
2021-06-14 19:05:43 - INFO - Token from TTAS (apply from TVM) hss expired.
2021-06-14 19:05:48 - CRITICAL - The usage frequency of the Token from SCADA Server is too high, maybe it is a DoS attack.
2021-06-14 19:07:05 - INFO - The connection has something wrong.
2021-06-14 19:07:58 - INFO - Token from TTAS (apply from TVM) hss expired.
2021-06-14 19:08:03 - CRITICAL - The usage frequency of the Token from SCADA Server is too high, maybe it is a DoS attack.
2021-06-14 19:09:57 - INFO - Token from TTAS (apply from TVM) hss expired.
2021-06-14 19:10:02 - CRITICAL - The usage frequency of the Token from SCADA Server is too high, maybe it is a DoS attack.
2021-06-14 19:11:11 - INFO - Token from TTAS (apply from TVM) hss expired.
2021-06-14 19:11:16 - CRITICAL - The usage frequency of the Token from SCADA Server is too high, maybe it is a DoS attack.
2021-06-14 19:11:52 - INFO - Token from TTAS (apply from TVM) hss expired.
2021-06-14 19:11:57 - CRITICAL - The usage frequency of the Token from SCADA Server is too high, maybe it is a DoS attack.
2021-06-14 19:12:36 - INFO - Token from TTAS (apply from TVM) hss expired.
2021-06-14 19:12:41 - CRITICAL - The usage frequency of the Token from SCADA Server is too high, maybe it is a DoS attack.
2021-06-14 19:14:28 - INFO - Token from TTAS (apply from TVM) hss expired.
2021-06-14 19:14:33 - CRITICAL - The usage frequency of the Token from SCADA Server is too high, maybe it is a DoS attack.
2021-06-14 19:25:31 - INFO - The connection has something wrong.
2021-06-14 19:29:02 - INFO - Token from TTAS (apply from TVM) hss expired.
2021-06-14 19:29:07 - CRITICAL - The usage frequency of the Token from SCADA Server is too high, maybe it is a DoS attack.
2021-06-14 19:37:25 - INFO - Token from TTAS (apply from TVM) hss expired.
2021-06-14 19:40:15 - INFO - Token from TTAS (apply from TVM) is invalid.
2021-06-14 19:40:20 - CRITICAL - The usage frequency of the Token from SCADA Server is too high, maybe it is a DoS attack.
2021-06-14 19:41:07 - INFO - Token from TTAS (apply from TVM) hss expired.
2021-06-14 19:41:12 - CRITICAL - The usage frequency of the Token from SCADA Server is too high, maybe it is a DoS attack.
2021-06-14 19:42:49 - INFO - Token from TTAS (apply from TVM) hss expired.
2021-06-14 19:42:54 - CRITICAL - The usage frequency of the Token from SCADA Server is too high, maybe it is a DoS attack.
2021-06-15 16:41:47 - INFO - Token from TTAS (apply from TVM) is invalid.
2021-06-15 16:41:52 - CRITICAL - The usage frequency of the Token from SCADA Server is too high, maybe it is a DoS attack.
2021-06-15 23:41:26 - INFO - Token from TTAS (apply from TVM) is invalid.
2021-06-15 23:41:31 - CRITICAL - The usage frequency of the Token from SCADA Server is too high, maybe it is a DoS attack.
2021-06-15 23:42:22 - INFO - Token from TTAS (apply from TVM) is invalid.
2021-06-15 23:42:27 - INFO - The connection has something wrong.
2021-06-15 23:42:56 - INFO - Token from TTAS (apply from TVM) hss expired.
2021-06-15 23:43:17 - INFO - Token from SCADA server has expired.
2021-06-15 23:43:17 - INFO - Token from TTAS (apply from TVM) hss expired.
2021-06-15 23:45:39 - INFO - Token from TTAS (apply from TVM) hss expired.
2021-06-15 23:55:12 - INFO - Token from TTAS (apply from TVM) hss expired.
2021-06-15 23:56:16 - INFO - Token from TTAS (apply from TVM) hss expired.
2021-06-15 23:56:37 - INFO - Token from TTAS (apply from TVM) hss expired.
2021-06-15 23:56:58 - INFO - Token from TTAS (apply from TVM) hss expired.
2021-06-15 23:57:39 - INFO - Token from SCADA server has expired.
2021-06-15 23:57:40 - INFO - Token from TTAS (apply from TVM) hss expired.
2021-06-18 15:03:26 - INFO - Token from TTAS (apply from TVM) is invalid.
2021-06-18 15:03:47 - INFO - Token from SCADA server has expired.
2021-06-18 15:03:47 - INFO - Token from TTAS (apply from TVM) hss expired.
2021-06-18 15:04:08 - INFO - Token from SCADA server has expired.
2021-06-18 15:04:08 - INFO - Token from TTAS (apply from TVM) hss expired.
2021-06-18 15:10:45 - INFO - Token from TTAS (apply from TVM) is invalid.
2021-06-19 15:43:41 - INFO - Token from TTAS (apply from TVM) is invalid.
2021-06-19 15:50:44 - INFO - Token from TTAS (apply from TVM) is invalid.
2021-06-19 15:51:07 - INFO - Token from TTAS (apply from TVM) hss expired.
2021-06-19 15:51:28 - INFO - Token from SCADA server has expired.
2021-06-19 15:51:28 - INFO - Token from TTAS (apply from TVM) hss expired.
2021-06-19 15:52:26 - INFO - Token from TTAS (apply from TVM) hss expired.
2021-06-19 15:52:46 - INFO - Token from SCADA server has expired.
2021-06-19 15:52:47 - INFO - Token from TTAS (apply from TVM) hss expired.
2021-06-19 15:53:32 - INFO - Token from TTAS (apply from TVM) hss expired.
2021-06-19 15:53:53 - INFO - Token from TTAS (apply from TVM) hss expired.
2021-06-19 15:54:14 - INFO - Token from TTAS (apply from TVM) hss expired.
2021-06-19 15:54:35 - INFO - Token from TTAS (apply from TVM) hss expired.
2021-06-19 15:54:55 - INFO - Token from SCADA server has expired.
2021-06-19 15:54:56 - INFO - Token from TTAS (apply from TVM) hss expired.
2021-06-19 15:55:17 - INFO - Token from TTAS (apply from TVM) hss expired.
2021-06-19 15:55:59 - INFO - Token from TTAS (apply from TVM) hss expired.
2021-06-19 15:56:20 - INFO - Token from TTAS (apply from TVM) hss expired.
2021-06-19 15:56:41 - INFO - Token from TTAS (apply from TVM) hss expired.
2021-06-19 15:57:02 - INFO - Token from TTAS (apply from TVM) hss expired.
2021-06-19 15:57:23 - INFO - Token from TTAS (apply from TVM) hss expired.
2021-06-19 15:58:45 - INFO - The connection has something wrong.
2021-06-19 15:58:46 - INFO - The connection has something wrong.
2021-06-19 15:58:47 - INFO - Token from TTAS (apply from TVM) is invalid.
2021-06-19 16:09:14 - INFO - Token from TTAS (apply from TVM) hss expired.
2021-06-19 16:15:09 - INFO - Token from TTAS (apply from TVM) is invalid.
2021-06-20 14:54:16 - INFO - Token from TTAS (apply from TVM) is invalid.
2021-06-20 15:18:02 - INFO - Token from TTAS (apply from TVM) is invalid.
2021-06-20 15:24:39 - INFO - Token from TTAS (apply from TVM) is invalid.
2021-06-20 15:40:53 - INFO - Token from TTAS (apply from TVM) is invalid.
2021-06-20 15:53:55 - INFO - Token from TTAS (apply from TVM) is invalid.
2021-06-20 15:59:38 - INFO - Token from TTAS (apply from TVM) is invalid.
2021-06-20 17:43:50 - INFO - Token from TTAS (apply from TVM) is invalid.
2021-06-20 17:51:24 - INFO - Token from TTAS (apply from TVM) is invalid.
2021-07-03 20:51:56 - INFO - Token from TTAS (apply from TVM) is invalid.
2021-07-03 20:52:55 - INFO - Token from TTAS (apply from TVM) is invalid.
2021-07-03 21:19:57 - INFO - Token from TTAS (apply from TVM) is invalid.
2021-07-03 21:25:21 - INFO - Token from TTAS (apply from TVM) is invalid.
2021-07-03 21:28:35 - INFO - Token from TTAS (apply from TVM) is invalid.
2021-07-03 21:36:26 - INFO - Token from TTAS (apply from TVM) is invalid.
2021-07-03 21:39:00 - INFO - Token from TTAS (apply from TVM) is invalid.
2021-07-03 21:41:46 - INFO - Token from TTAS (apply from TVM) is invalid.
2021-07-03 21:50:26 - INFO - Token from TTAS (apply from TVM) is invalid.
2021-07-03 21:52:16 - INFO - Token from TTAS (apply from TVM) is invalid.
2021-07-03 22:02:17 - INFO - Token from TTAS (apply from TVM) hss expired.
2021-07-03 22:12:18 - INFO - Token from TTAS (apply from TVM) hss expired.
2021-07-03 22:22:20 - INFO - Token from TTAS (apply from TVM) hss expired.
